#
# A fatal error has been detected by the Java Runtime Environment:
#
#  EXCEPTION_ACCESS_VIOLATION (0xc0000005) at pc=0x00007ffbb2fa66f2, pid=10660, tid=18872
#
# JRE version: Java(TM) SE Runtime Environment (18.0.1.1+2) (build 18.0.1.1+2-6)
# Java VM: Java HotSpot(TM) 64-Bit Server VM (18.0.1.1+2-6, mixed mode, sharing, tiered, compressed oops, compressed class ptrs, g1 gc, windows-amd64)
# Problematic frame:
# V  [jvm.dll+0x2f66f2]
#
# No core dump will be written. Minidumps are not enabled by default on client versions of Windows
#
# If you would like to submit a bug report, please visit:
#   https://bugreport.java.com/bugreport/crash.jsp
#

---------------  S U M M A R Y ------------

Command Line: -Dfile.encoding=UTF-8 --module-path=E:\NET BEANS PROJECTS\REGISTRATION SYSTEM\build\classes registration.system.StudentHomeDashBoard

Host: Intel(R) Core(TM) i5-8265U CPU @ 1.60GHz, 8 cores, 15G,  Windows 10 , 64 bit Build 19041 (10.0.19041.1889)
Time: Sun Oct 30 05:08:39 2022 E. Africa Standard Time elapsed time: 52.503417 seconds (0d 0h 0m 52s)

---------------  T H R E A D  ---------------

Current thread (0x000002ad42d93260):  WorkerThread "G1 Conc#0" [stack: 0x000000b91dd00000,0x000000b91de00000] [id=18872]

Stack: [0x000000b91dd00000,0x000000b91de00000],  sp=0x000000b91ddff5f0,  free space=1021k
Native frames: (J=compiled Java code, j=interpreted, Vv=VM code, C=native code)
V  [jvm.dll+0x2f66f2]
V  [jvm.dll+0x2f643f]
V  [jvm.dll+0x2f463d]
V  [jvm.dll+0x2f4282]
V  [jvm.dll+0x304faa]
V  [jvm.dll+0x303a9c]
V  [jvm.dll+0x30563c]
V  [jvm.dll+0x3043be]
V  [jvm.dll+0x307fc6]
V  [jvm.dll+0x81fae4]
V  [jvm.dll+0x7a03ea]
V  [jvm.dll+0x697725]
C  [ucrtbase.dll+0x21bb2]
C  [KERNEL32.DLL+0x17034]
C  [ntdll.dll+0x526a1]


siginfo: EXCEPTION_ACCESS_VIOLATION (0xc0000005), reading address 0x0000000000000078


Register to memory mapping:

RIP=0x00007ffbb2fa66f2 jvm.dll
RAX=0x000002ad42d33f08 points into unknown readable memory: 0x0000000000000000 | 00 00 00 00 00 00 00 00
RBX=0x000002ad42d98210 points into unknown readable memory: 0x00007ffbb35cee60 | 60 ee 5c b3 fb 7f 00 00
RCX=0x0000000000000015 is an unknown value
RDX=0x0000000000000001 is an unknown value
RSP=0x000000b91ddff5f0 points into unknown readable memory: 0x0000000000000000 | 00 00 00 00 00 00 00 00
RBP=0x0000000000000001 is an unknown value
RSI=0x000002ad42d7f1f0 points into unknown readable memory: 0x000002ad42d91950 | 50 19 d9 42 ad 02 00 00
RDI=0x00000003036b1300 is an unknown value
R8 =0x00000003036b1300 is an unknown value
R9 =0x0 is NULL
R10=0x0000000000000074 is an unknown value
R11=0x0000000000000003 is an unknown value
R12=0x0 is NULL
R13=0xaaaaaaaaaaaaaaab is an unknown value
R14=0x0000000800ceb060 is a pointer to class: 
java.util.BitSet {0x0000000800ceb068}
 - instance size:     3
 - klass size:        90
 - access:            public synchronized 
 - state:             fully_initialized
 - name:              'java/util/BitSet'
 - super:             'java/lang/Object'
 - sub:               
 - arrays:            NULL
 - methods:           Array<T>(0x000002ad66034bd0)
 - method ordering:   Array<T>(0x0000000800a7e298)
 - default_methods:   Array<T>(0x0000000000000000)
 - local interfaces:  Array<T>(0x000002ad66034b38)
 - trans. interfaces: Array<T>(0x000002ad66034b38)
 - constants:         constant pool [417] {0x000002ad66033ce8} for 'java/util/BitSet' cache=0x000002ad66038088
 - class loader data:  loader data: 0x000002ad42ddee90 of 'bootstrap'
 - source file:       'BitSet.java'
 - class annotations:       Array<T>(0x0000000000000000)
 - class type annotations:  Array<T>(0x0000000000000000)
 - field annotations:       Array<T>(0x0000000000000000)
 - field type annotations:  Array<T>(0x0000000000000000)
 - inner classes:     Array<T>(0x000002ad66038048)
 - nest members:     Array<T>(0x000002ad66038078)
 - permitted subclasses:     Array<T>(0x00000008005bcbc8)
 - java mirror:       a 'java/lang/Class'{0x00000007027475e0} = 'java/util/BitSet'
 - vtable length      32  (start addr: 0x0000000800ceb218)
 - itable length      2 (start addr: 0x0000000800ceb318)
 - ---- static fields (5 words):
 - private static final 'ADDRESS_BITS_PER_WORD' 'I' @136 
 - private static final 'BITS_PER_WORD' 'I' @140 
 - private static final 'BIT_INDEX_MASK' 'I' @144 
 - private static final 'WORD_MASK' 'J' @120 
 - private static final 'serialPersistentFields' '[Ljava/io/ObjectStreamField;' @112 
 - private static final 'serialVersionUID' 'J' @128 
 - static final synthetic '$assertionsDisabled' 'Z' @148 
 - ---- non-static fields (3 words):
 - private transient 'wordsInUse' 'I' @12 
 - private transient 'sizeIsSticky' 'Z' @16 
 - private 'words' '[J' @20 
 - non-static oop maps: 20-20 
R15=0x00000007036b12c0 is an oop: javax.swing.DefaultListSelectionModel 
{0x00000007036b12c0} - klass: 'javax/swing/DefaultListSelectionModel'
 - ---- fields (total size 8 words):
 - private 'selectionMode' 'I' @12  2
 - private 'minIndex' 'I' @16  2147483647 (7fffffff)
 - private 'maxIndex' 'I' @20  -1 (ffffffff)
 - private 'anchorIndex' 'I' @24  -1 (ffffffff)
 - private 'leadIndex' 'I' @28  -1 (ffffffff)
 - private 'firstAdjustedIndex' 'I' @32  2147483647 (7fffffff)
 - private 'lastAdjustedIndex' 'I' @36  -1 (ffffffff)
 - private 'firstChangedIndex' 'I' @40  2147483647 (7fffffff)
 - private 'lastChangedIndex' 'I' @44  -1 (ffffffff)
 - private 'isAdjusting' 'Z' @48  false
 - protected 'leadAnchorNotificationEnabled' 'Z' @49  true
 - private 'value' 'Ljava/util/BitSet;' @52  
[error occurred during error reporting (printing register info), id 0xc0000005, EXCEPTION_ACCESS_VIOLATION (0xc0000005) at pc=0x00007ffbb333512d]

Registers:
RAX=0x000002ad42d33f08, RBX=0x000002ad42d98210, RCX=0x0000000000000015, RDX=0x0000000000000001
RSP=0x000000b91ddff5f0, RBP=0x0000000000000001, RSI=0x000002ad42d7f1f0, RDI=0x00000003036b1300
R8 =0x00000003036b1300, R9 =0x0000000000000000, R10=0x0000000000000074, R11=0x0000000000000003
R12=0x0000000000000000, R13=0xaaaaaaaaaaaaaaab, R14=0x0000000800ceb060, R15=0x00000007036b12c0
RIP=0x00007ffbb2fa66f2, EFLAGS=0x0000000000010206

Top of Stack: (sp=0x000000b91ddff5f0)
0x000000b91ddff5f0:   0000000000000000 00007ffbb2fa6721
0x000000b91ddff600:   00006da598c7a1b9 00007ffbb2fa6721
0x000000b91ddff610:   00000003036b1300 00007ffbb2fa643f
0x000000b91ddff620:   000002ad42d98210 000000b91ddff7e0
0x000000b91ddff630:   0000000800ceb058 000000b91ddff7e0
0x000000b91ddff640:   00000007036b12fc 00007ffbb2fa463d
0x000000b91ddff650:   00000007036b12f4 00007ffbb2fa4c7d
0x000000b91ddff660:   000000070380dd38 00007ffbb2fa463d
0x000000b91ddff670:   000000b91ddff7a0 0000000000000000
0x000000b91ddff680:   00000007036b12c0 00007ffbb2fa4282
0x000000b91ddff690:   0000000800ceacb8 0000000000000008
0x000000b91ddff6a0:   000000b91ddff7e0 0000000000000000
0x000000b91ddff6b0:   00000007036b12c0 00007ffbb2fb4faa
0x000000b91ddff6c0:   000002ad42d98210 0000000000000040
0x000000b91ddff6d0:   000000000000004d 00007ffbb2fb7420
0x000000b91ddff6e0:   0000000000000001 00000007038586d8 

Instructions: (pc=0x00007ffbb2fa66f2)
0x00007ffbb2fa65f2:   75 ee 32 db 48 8b 6c 24 38 0f b6 c3 48 8b 5c 24
0x00007ffbb2fa6602:   30 48 8b 74 24 40 48 83 c4 20 5f c3 80 3d d4 c4
0x00007ffbb2fa6612:   83 00 00 b3 01 74 15 8b 57 08 8b 0d 8e 83 7c 00
0x00007ffbb2fa6622:   48 d3 e2 48 03 15 7c 83 7c 00 eb 04 48 8b 57 08
0x00007ffbb2fa6632:   48 8b cf e8 06 e7 ec ff 48 8b 8e 08 03 00 00 4c
0x00007ffbb2fa6642:   8b d8 4c 8b 0c e9 49 8b 51 18 8b 8a 48 02 00 00
0x00007ffbb2fa6652:   4c 8b 82 40 02 00 00 41 8b 51 60 49 d3 e0 8b 0d
0x00007ffbb2fa6662:   8a ce 83 00 49 2b f8 48 d3 ef 44 8b d7 49 23 d2
0x00007ffbb2fa6672:   48 c1 e2 04 49 03 51 40 8b 02 3b c7 74 2d 4c 8b
0x00007ffbb2fa6682:   42 08 4d 85 c0 74 0c 8b c8 49 8b 41 38 f0 4c 0f
0x00007ffbb2fa6692:   c1 04 c8 48 c7 42 08 00 00 00 00 44 89 12 49 ff
0x00007ffbb2fa66a2:   41 58 4c 01 5a 08 e9 49 ff ff ff 49 ff 41 50 4c
0x00007ffbb2fa66b2:   01 5a 08 e9 3c ff ff ff cc cc cc cc cc cc 48 89
0x00007ffbb2fa66c2:   6c 24 10 48 89 74 24 18 57 48 83 ec 20 48 8b 41
0x00007ffbb2fa66d2:   08 48 8b f1 4d 8b c8 8b ea 49 8b f8 8b 88 48 02
0x00007ffbb2fa66e2:   00 00 48 8b 80 38 02 00 00 49 d3 e9 4e 8b 0c c8
0x00007ffbb2fa66f2:   4d 3b 41 78 72 12 32 c0 48 8b 6c 24 38 48 8b 74
0x00007ffbb2fa6702:   24 40 48 83 c4 20 5f c3 48 89 5c 24 30 48 8b d7
0x00007ffbb2fa6712:   48 8b 9e 98 00 00 00 48 8b cb 48 8b 03 ff 10 8b
0x00007ffbb2fa6722:   4b 18 48 8b d7 48 2b 53 08 48 8b 43 20 48 c1 ea
0x00007ffbb2fa6732:   03 48 d3 ea 48 8b ca 48 c1 e9 06 4c 8d 04 c8 0f
0x00007ffbb2fa6742:   b6 ca 49 8b 00 80 e1 3f ba 01 00 00 00 48 d3 e2
0x00007ffbb2fa6752:   48 8b c8 48 0b ca 48 3b c8 74 15 0f 1f 00 f0 49
0x00007ffbb2fa6762:   0f b1 08 74 25 48 8b c8 48 0b ca 48 3b c8 75 ee
0x00007ffbb2fa6772:   32 db 48 8b 6c 24 38 0f b6 c3 48 8b 5c 24 30 48
0x00007ffbb2fa6782:   8b 74 24 40 48 83 c4 20 5f c3 80 3d 56 c3 83 00
0x00007ffbb2fa6792:   00 b3 01 74 15 8b 57 08 8b 0d 10 82 7c 00 48 d3
0x00007ffbb2fa67a2:   e2 48 03 15 fe 81 7c 00 eb 04 48 8b 57 08 48 8b
0x00007ffbb2fa67b2:   cf e8 88 e5 ec ff 48 8b 8e 08 03 00 00 4c 8b d8
0x00007ffbb2fa67c2:   4c 8b 0c e9 49 8b 51 18 8b 8a 48 02 00 00 4c 8b
0x00007ffbb2fa67d2:   82 40 02 00 00 41 8b 51 60 49 d3 e0 8b 0d 0c cd
0x00007ffbb2fa67e2:   83 00 49 2b f8 48 d3 ef 44 8b d7 49 23 d2 48 c1 


Stack slot to memory mapping:
stack at sp + 0 slots: 0x0 is NULL
stack at sp + 1 slots: 0x00007ffbb2fa6721 jvm.dll
stack at sp + 2 slots: 0x00006da598c7a1b9 is an unknown value
stack at sp + 3 slots: 0x00007ffbb2fa6721 jvm.dll
stack at sp + 4 slots: 0x00000003036b1300 is an unknown value
stack at sp + 5 slots: 0x00007ffbb2fa643f jvm.dll
stack at sp + 6 slots: 0x000002ad42d98210 points into unknown readable memory: 0x00007ffbb35cee60 | 60 ee 5c b3 fb 7f 00 00
stack at sp + 7 slots: 0x000000b91ddff7e0 points into unknown readable memory: 0x00007ffbb35cee80 | 80 ee 5c b3 fb 7f 00 00


---------------  P R O C E S S  ---------------

Threads class SMR info:
_java_thread_list=0x000002ad6a08d9c0, length=16, elements={
0x000002ad65a6e3f0, 0x000002ad65a6ef60, 0x000002ad65a86290, 0x000002ad65a86b40,
0x000002ad65a89ba0, 0x000002ad65a8ad30, 0x000002ad65a8e4e0, 0x000002ad65ab92a0,
0x000002ad65ac5b20, 0x000002ad69d64350, 0x000002ad69e5e640, 0x000002ad69f5b000,
0x000002ad69f5b4c0, 0x000002ad69f5b980, 0x000002ad6a08a250, 0x000002ad42d10250
}

Java Threads: ( => current thread )
  0x000002ad65a6e3f0 JavaThread "Reference Handler" daemon [_thread_blocked, id=16288, stack(0x000000b91e100000,0x000000b91e200000)]
  0x000002ad65a6ef60 JavaThread "Finalizer" daemon [_thread_blocked, id=17876, stack(0x000000b91e200000,0x000000b91e300000)]
  0x000002ad65a86290 JavaThread "Signal Dispatcher" daemon [_thread_blocked, id=17948, stack(0x000000b91e300000,0x000000b91e400000)]
  0x000002ad65a86b40 JavaThread "Attach Listener" daemon [_thread_blocked, id=28020, stack(0x000000b91e400000,0x000000b91e500000)]
  0x000002ad65a89ba0 JavaThread "Service Thread" daemon [_thread_blocked, id=5284, stack(0x000000b91e500000,0x000000b91e600000)]
  0x000002ad65a8ad30 JavaThread "Monitor Deflation Thread" daemon [_thread_blocked, id=25620, stack(0x000000b91e600000,0x000000b91e700000)]
  0x000002ad65a8e4e0 JavaThread "C2 CompilerThread0" daemon [_thread_blocked, id=1896, stack(0x000000b91e700000,0x000000b91e800000)]
  0x000002ad65ab92a0 JavaThread "C1 CompilerThread0" daemon [_thread_blocked, id=28312, stack(0x000000b91e800000,0x000000b91e900000)]
  0x000002ad65ac5b20 JavaThread "Sweeper thread" daemon [_thread_blocked, id=19908, stack(0x000000b91e900000,0x000000b91ea00000)]
  0x000002ad69d64350 JavaThread "Common-Cleaner" daemon [_thread_blocked, id=27044, stack(0x000000b91ea00000,0x000000b91eb00000)]
  0x000002ad69e5e640 JavaThread "Notification Thread" daemon [_thread_blocked, id=7180, stack(0x000000b91eb00000,0x000000b91ec00000)]
  0x000002ad69f5b000 JavaThread "Java2D Disposer" daemon [_thread_blocked, id=6964, stack(0x000000b91ee00000,0x000000b91ef00000)]
  0x000002ad69f5b4c0 JavaThread "AWT-Shutdown" [_thread_blocked, id=18940, stack(0x000000b91ef00000,0x000000b91f000000)]
  0x000002ad69f5b980 JavaThread "AWT-Windows" daemon [_thread_in_native, id=16528, stack(0x000000b91f000000,0x000000b91f100000)]
  0x000002ad6a08a250 JavaThread "AWT-EventQueue-0" [_thread_in_vm, id=11708, stack(0x000000b91ed00000,0x000000b91ee00000)]
  0x000002ad42d10250 JavaThread "DestroyJavaVM" [_thread_blocked, id=15380, stack(0x000000b91da00000,0x000000b91db00000)]

Other Threads:
  0x000002ad65a6ad40 VMThread "VM Thread" [stack: 0x000000b91e000000,0x000000b91e100000] [id=27924]
  0x000002ad69ea9f60 WatcherThread "VM Periodic Task Thread" [stack: 0x000000b91ec00000,0x000000b91ed00000] [id=13764]
  0x000002ad42d7ecf0 WorkerThread "GC Thread#0" [stack: 0x000000b91db00000,0x000000b91dc00000] [id=17888]
  0x000002ad6b33e910 WorkerThread "GC Thread#1" [stack: 0x000000b91f400000,0x000000b91f500000] [id=17276]
  0x000002ad6b483ed0 WorkerThread "GC Thread#2" [stack: 0x000000b91f500000,0x000000b91f600000] [id=25928]
  0x000002ad6b484170 WorkerThread "GC Thread#3" [stack: 0x000000b91f600000,0x000000b91f700000] [id=20328]
  0x000002ad6b484410 WorkerThread "GC Thread#4" [stack: 0x000000b91f700000,0x000000b91f800000] [id=21352]
  0x000002ad6b484ac0 WorkerThread "GC Thread#5" [stack: 0x000000b91f800000,0x000000b91f900000] [id=4408]
  0x000002ad6b419b60 WorkerThread "GC Thread#6" [stack: 0x000000b91f900000,0x000000b91fa00000] [id=27948]
  0x000002ad6b8d8300 WorkerThread "GC Thread#7" [stack: 0x000000b91fa00000,0x000000b91fb00000] [id=14540]
  0x000002ad42d91950 ConcurrentGCThread "G1 Main Marker" [stack: 0x000000b91dc00000,0x000000b91dd00000] [id=11548]
=>0x000002ad42d93260 WorkerThread "G1 Conc#0" [stack: 0x000000b91dd00000,0x000000b91de00000] [id=18872]
  0x000002ad6b1b8c20 WorkerThread "G1 Conc#1" [stack: 0x000000b91f100000,0x000000b91f200000] [id=24608]
  0x000002ad42dde510 ConcurrentGCThread "G1 Refine#0" [stack: 0x000000b91de00000,0x000000b91df00000] [id=14492]
  0x000002ad6b60e950 ConcurrentGCThread "G1 Refine#1" [stack: 0x000000b91fb00000,0x000000b91fc00000] [id=11156]
  0x000002ad69ec29c0 ConcurrentGCThread "G1 Refine#2" [stack: 0x000000b91fc00000,0x000000b91fd00000] [id=28080]
  0x000002ad69ec2ea0 ConcurrentGCThread "G1 Refine#3" [stack: 0x000000b91fd00000,0x000000b91fe00000] [id=21852]
  0x000002ad6ba7bb20 ConcurrentGCThread "G1 Refine#4" [stack: 0x000000b91fe00000,0x000000b91ff00000] [id=17812]
  0x000002ad659240a0 ConcurrentGCThread "G1 Service" [stack: 0x000000b91df00000,0x000000b91e000000] [id=3104]

Threads with active compile tasks:

VM state: not at safepoint (normal execution)

VM Mutex/Monitor currently owned by a thread: None

Heap address: 0x0000000701e00000, size: 4066 MB, Compressed Oops mode: Zero based, Oop shift amount: 3

CDS archive(s) mapped at: [0x0000000800000000-0x0000000800ba0000-0x0000000800ba0000), size 12189696, SharedBaseAddress: 0x0000000800000000, ArchiveRelocationMode: 0.
Compressed class space mapped at: 0x0000000800c00000-0x0000000840c00000, reserved size: 1073741824
Narrow klass base: 0x0000000800000000, Narrow klass shift: 0, Narrow klass range: 0x100000000

GC Precious Log:
 CardTable entry size: 512
 Card Set container configuration: InlinePtr #cards 4 size 8 Array Of Cards #cards 16 size 48 Howl #buckets 8 coarsen threshold 3686 Howl Bitmap #cards 512 size 80 coarsen threshold 460 Card regions per heap region 1 cards per card region 4096
 CPUs: 8 total, 8 available
 Memory: 16259M
 Large Page Support: Disabled
 NUMA Support: Disabled
 Compressed Oops: Enabled (Zero based)
 Heap Region Size: 2M
 Heap Min Capacity: 8M
 Heap Initial Capacity: 256M
 Heap Max Capacity: 4066M
 Pre-touch: Disabled
 Parallel Workers: 8
 Concurrent Workers: 2
 Concurrent Refinement Workers: 8
 Periodic GC: Disabled

Heap:
 garbage-first heap   total 262144K, used 153600K [0x0000000701e00000, 0x0000000800000000)
  region size 2048K, 4 young (8192K), 3 survivors (6144K)
 Metaspace       used 9134K, committed 9280K, reserved 1114112K
  class space    used 967K, committed 1024K, reserved 1048576K

Heap Regions: E=young(eden), S=young(survivor), O=old, HS=humongous(starts), HC=humongous(continues), CS=collection set, F=free, OA=open archive, CA=closed archive, TAMS=top-at-mark-start (previous, next)
|   0|0x0000000701e00000, 0x0000000702000000, 0x0000000702000000|100%| O|  |TAMS 0x0000000701e00000, 0x0000000702000000| Untracked 
|   1|0x0000000702000000, 0x0000000702200000, 0x0000000702200000|100%| O|  |TAMS 0x0000000702000000, 0x0000000702200000| Untracked 
|   2|0x0000000702200000, 0x0000000702400000, 0x0000000702400000|100%| O|  |TAMS 0x0000000702200000, 0x0000000702400000| Untracked 
|   3|0x0000000702400000, 0x0000000702600000, 0x0000000702600000|100%| O|  |TAMS 0x0000000702400000, 0x0000000702600000| Untracked 
|   4|0x0000000702600000, 0x0000000702800000, 0x0000000702800000|100%| O|  |TAMS 0x0000000702600000, 0x0000000702800000| Untracked 
|   5|0x0000000702800000, 0x0000000702a00000, 0x0000000702a00000|100%| O|  |TAMS 0x0000000702800000, 0x0000000702a00000| Untracked 
|   6|0x0000000702a00000, 0x0000000702c00000, 0x0000000702c00000|100%| O|  |TAMS 0x0000000702a00000, 0x0000000702c00000| Untracked 
|   7|0x0000000702c00000, 0x0000000702e00000, 0x0000000702e00000|100%| O|  |TAMS 0x0000000702c00000, 0x0000000702e00000| Untracked 
|   8|0x0000000702e00000, 0x0000000703000000, 0x0000000703000000|100%| O|  |TAMS 0x0000000702e00000, 0x0000000703000000| Untracked 
|   9|0x0000000703000000, 0x0000000703200000, 0x0000000703200000|100%| O|  |TAMS 0x0000000703000000, 0x0000000703200000| Untracked 
|  10|0x0000000703200000, 0x0000000703400000, 0x0000000703400000|100%| O|  |TAMS 0x0000000703200000, 0x0000000703400000| Untracked 
|  11|0x0000000703400000, 0x0000000703600000, 0x0000000703600000|100%| O|  |TAMS 0x0000000703400000, 0x0000000703600000| Untracked 
|  12|0x0000000703600000, 0x0000000703800000, 0x0000000703800000|100%| O|  |TAMS 0x0000000703600000, 0x0000000703800000| Untracked 
|  13|0x0000000703800000, 0x0000000703a00000, 0x0000000703a00000|100%| O|  |TAMS 0x0000000703800000, 0x0000000703a00000| Untracked 
|  14|0x0000000703a00000, 0x0000000703c00000, 0x0000000703c00000|100%| O|  |TAMS 0x0000000703a00000, 0x0000000703c00000| Untracked 
|  15|0x0000000703c00000, 0x0000000703e00000, 0x0000000703e00000|100%| O|  |TAMS 0x0000000703c00000, 0x0000000703e00000| Untracked 
|  16|0x0000000703e00000, 0x0000000704000000, 0x0000000704000000|100%| O|  |TAMS 0x0000000703e00000, 0x0000000704000000| Untracked 
|  17|0x0000000704000000, 0x0000000704200000, 0x0000000704200000|100%| O|  |TAMS 0x0000000704000000, 0x0000000704200000| Untracked 
|  18|0x0000000704200000, 0x0000000704400000, 0x0000000704400000|100%| O|  |TAMS 0x0000000704200000, 0x0000000704400000| Untracked 
|  19|0x0000000704400000, 0x0000000704600000, 0x0000000704600000|100%| O|  |TAMS 0x0000000704400000, 0x0000000704600000| Untracked 
|  20|0x0000000704600000, 0x0000000704800000, 0x0000000704800000|100%| O|  |TAMS 0x0000000704600000, 0x0000000704800000| Untracked 
|  21|0x0000000704800000, 0x0000000704a00000, 0x0000000704a00000|100%| O|  |TAMS 0x0000000704800000, 0x0000000704a00000| Untracked 
|  22|0x0000000704a00000, 0x0000000704c00000, 0x0000000704c00000|100%| O|  |TAMS 0x0000000704a00000, 0x0000000704c00000| Untracked 
|  23|0x0000000704c00000, 0x0000000704e00000, 0x0000000704e00000|100%| O|  |TAMS 0x0000000704c00000, 0x0000000704e00000| Untracked 
|  24|0x0000000704e00000, 0x0000000705000000, 0x0000000705000000|100%| O|  |TAMS 0x0000000704e00000, 0x0000000705000000| Untracked 
|  25|0x0000000705000000, 0x0000000705200000, 0x0000000705200000|100%| O|  |TAMS 0x0000000705000000, 0x0000000705200000| Untracked 
|  26|0x0000000705200000, 0x0000000705400000, 0x0000000705400000|100%| O|  |TAMS 0x0000000705200000, 0x0000000705400000| Untracked 
|  27|0x0000000705400000, 0x0000000705600000, 0x0000000705600000|100%| O|  |TAMS 0x0000000705400000, 0x0000000705600000| Untracked 
|  28|0x0000000705600000, 0x0000000705800000, 0x0000000705800000|100%| O|  |TAMS 0x0000000705600000, 0x0000000705800000| Untracked 
|  29|0x0000000705800000, 0x0000000705a00000, 0x0000000705a00000|100%| O|  |TAMS 0x0000000705800000, 0x0000000705a00000| Untracked 
|  30|0x0000000705a00000, 0x0000000705c00000, 0x0000000705c00000|100%| O|  |TAMS 0x0000000705a00000, 0x0000000705c00000| Untracked 
|  31|0x0000000705c00000, 0x0000000705e00000, 0x0000000705e00000|100%| O|  |TAMS 0x0000000705c00000, 0x0000000705e00000| Untracked 
|  32|0x0000000705e00000, 0x0000000706000000, 0x0000000706000000|100%| O|  |TAMS 0x0000000705e00000, 0x0000000706000000| Untracked 
|  33|0x0000000706000000, 0x0000000706200000, 0x0000000706200000|100%| O|  |TAMS 0x0000000706000000, 0x0000000706200000| Untracked 
|  34|0x0000000706200000, 0x0000000706400000, 0x0000000706400000|100%| O|  |TAMS 0x0000000706200000, 0x0000000706400000| Untracked 
|  35|0x0000000706400000, 0x0000000706600000, 0x0000000706600000|100%| O|  |TAMS 0x0000000706400000, 0x0000000706600000| Untracked 
|  36|0x0000000706600000, 0x0000000706800000, 0x0000000706800000|100%| O|  |TAMS 0x0000000706600000, 0x0000000706800000| Untracked 
|  37|0x0000000706800000, 0x0000000706a00000, 0x0000000706a00000|100%| O|  |TAMS 0x0000000706800000, 0x0000000706a00000| Untracked 
|  38|0x0000000706a00000, 0x0000000706c00000, 0x0000000706c00000|100%| O|  |TAMS 0x0000000706a00000, 0x0000000706c00000| Untracked 
|  39|0x0000000706c00000, 0x0000000706e00000, 0x0000000706e00000|100%| O|  |TAMS 0x0000000706c00000, 0x0000000706e00000| Untracked 
|  40|0x0000000706e00000, 0x0000000707000000, 0x0000000707000000|100%| O|  |TAMS 0x0000000706e00000, 0x0000000707000000| Untracked 
|  41|0x0000000707000000, 0x0000000707200000, 0x0000000707200000|100%| O|  |TAMS 0x0000000707000000, 0x0000000707200000| Untracked 
|  42|0x0000000707200000, 0x0000000707400000, 0x0000000707400000|100%| O|  |TAMS 0x0000000707200000, 0x0000000707400000| Untracked 
|  43|0x0000000707400000, 0x0000000707600000, 0x0000000707600000|100%| O|  |TAMS 0x0000000707400000, 0x0000000707600000| Untracked 
|  44|0x0000000707600000, 0x0000000707800000, 0x0000000707800000|100%| O|  |TAMS 0x0000000707600000, 0x0000000707800000| Untracked 
|  45|0x0000000707800000, 0x0000000707a00000, 0x0000000707a00000|100%| O|  |TAMS 0x0000000707800000, 0x0000000707a00000| Untracked 
|  46|0x0000000707a00000, 0x0000000707c00000, 0x0000000707c00000|100%| O|  |TAMS 0x0000000707a00000, 0x0000000707c00000| Untracked 
|  47|0x0000000707c00000, 0x0000000707e00000, 0x0000000707e00000|100%| O|  |TAMS 0x0000000707c00000, 0x0000000707e00000| Untracked 
|  48|0x0000000707e00000, 0x0000000708000000, 0x0000000708000000|100%| O|  |TAMS 0x0000000707e00000, 0x0000000708000000| Untracked 
|  49|0x0000000708000000, 0x0000000708200000, 0x0000000708200000|100%| O|  |TAMS 0x0000000708000000, 0x0000000708200000| Untracked 
|  50|0x0000000708200000, 0x0000000708400000, 0x0000000708400000|100%| O|  |TAMS 0x0000000708200000, 0x0000000708400000| Untracked 
|  51|0x0000000708400000, 0x0000000708600000, 0x0000000708600000|100%| O|  |TAMS 0x0000000708400000, 0x0000000708600000| Untracked 
|  52|0x0000000708600000, 0x0000000708800000, 0x0000000708800000|100%| O|  |TAMS 0x0000000708600000, 0x0000000708800000| Untracked 
|  53|0x0000000708800000, 0x0000000708a00000, 0x0000000708a00000|100%| O|  |TAMS 0x0000000708800000, 0x0000000708a00000| Untracked 
|  54|0x0000000708a00000, 0x0000000708c00000, 0x0000000708c00000|100%| O|  |TAMS 0x0000000708a00000, 0x0000000708c00000| Untracked 
|  55|0x0000000708c00000, 0x0000000708e00000, 0x0000000708e00000|100%| O|  |TAMS 0x0000000708c00000, 0x0000000708e00000| Untracked 
|  56|0x0000000708e00000, 0x0000000709000000, 0x0000000709000000|100%| O|  |TAMS 0x0000000708e00000, 0x0000000709000000| Untracked 
|  57|0x0000000709000000, 0x0000000709200000, 0x0000000709200000|100%| O|  |TAMS 0x0000000709000000, 0x0000000709200000| Untracked 
|  58|0x0000000709200000, 0x0000000709400000, 0x0000000709400000|100%| O|  |TAMS 0x0000000709200000, 0x000000070937f600| Untracked 
|  59|0x0000000709400000, 0x0000000709600000, 0x0000000709600000|100%| O|  |TAMS 0x0000000709400000, 0x0000000709400000| Untracked 
|  60|0x0000000709600000, 0x0000000709800000, 0x0000000709800000|100%| O|  |TAMS 0x0000000709600000, 0x0000000709600000| Untracked 
|  61|0x0000000709800000, 0x0000000709a00000, 0x0000000709a00000|100%| O|  |TAMS 0x0000000709800000, 0x0000000709800000| Untracked 
|  62|0x0000000709a00000, 0x0000000709c00000, 0x0000000709c00000|100%| O|  |TAMS 0x0000000709a00000, 0x0000000709a00000| Untracked 
|  63|0x0000000709c00000, 0x0000000709e00000, 0x0000000709e00000|100%| O|  |TAMS 0x0000000709c00000, 0x0000000709c00000| Untracked 
|  64|0x0000000709e00000, 0x000000070a000000, 0x000000070a000000|100%| O|  |TAMS 0x0000000709e00000, 0x0000000709e00000| Untracked 
|  65|0x000000070a000000, 0x000000070a200000, 0x000000070a200000|100%| O|  |TAMS 0x000000070a000000, 0x000000070a000000| Untracked 
|  66|0x000000070a200000, 0x000000070a400000, 0x000000070a400000|100%| O|  |TAMS 0x000000070a200000, 0x000000070a200000| Untracked 
|  67|0x000000070a400000, 0x000000070a600000, 0x000000070a600000|100%| O|  |TAMS 0x000000070a400000, 0x000000070a400000| Untracked 
|  68|0x000000070a600000, 0x000000070a800000, 0x000000070a800000|100%| O|  |TAMS 0x000000070a600000, 0x000000070a600000| Untracked 
|  69|0x000000070a800000, 0x000000070aa00000, 0x000000070aa00000|100%| O|  |TAMS 0x000000070a800000, 0x000000070a800000| Untracked 
|  70|0x000000070aa00000, 0x000000070ac00000, 0x000000070ac00000|100%| O|  |TAMS 0x000000070aa00000, 0x000000070aa00000| Untracked 
|  71|0x000000070ac00000, 0x000000070ae00000, 0x000000070ae00000|100%| O|  |TAMS 0x000000070ac00000, 0x000000070ac00000| Untracked 
|  72|0x000000070ae00000, 0x000000070ae00000, 0x000000070b000000|  0%| F|  |TAMS 0x000000070ae00000, 0x000000070ae00000| Untracked 
|  73|0x000000070b000000, 0x000000070b000000, 0x000000070b200000|  0%| F|  |TAMS 0x000000070b000000, 0x000000070b000000| Untracked 
|  74|0x000000070b200000, 0x000000070b200000, 0x000000070b400000|  0%| F|  |TAMS 0x000000070b200000, 0x000000070b200000| Untracked 
|  75|0x000000070b400000, 0x000000070b400000, 0x000000070b600000|  0%| F|  |TAMS 0x000000070b400000, 0x000000070b400000| Untracked 
|  76|0x000000070b600000, 0x000000070b600000, 0x000000070b800000|  0%| F|  |TAMS 0x000000070b600000, 0x000000070b600000| Untracked 
|  77|0x000000070b800000, 0x000000070b800000, 0x000000070ba00000|  0%| F|  |TAMS 0x000000070b800000, 0x000000070b800000| Untracked 
|  78|0x000000070ba00000, 0x000000070ba00000, 0x000000070bc00000|  0%| F|  |TAMS 0x000000070ba00000, 0x000000070ba00000| Untracked 
|  79|0x000000070bc00000, 0x000000070bc00000, 0x000000070be00000|  0%| F|  |TAMS 0x000000070bc00000, 0x000000070bc00000| Untracked 
|  80|0x000000070be00000, 0x000000070be00000, 0x000000070c000000|  0%| F|  |TAMS 0x000000070be00000, 0x000000070be00000| Untracked 
|  81|0x000000070c000000, 0x000000070c000000, 0x000000070c200000|  0%| F|  |TAMS 0x000000070c000000, 0x000000070c000000| Untracked 
|  82|0x000000070c200000, 0x000000070c200000, 0x000000070c400000|  0%| F|  |TAMS 0x000000070c200000, 0x000000070c200000| Untracked 
|  83|0x000000070c400000, 0x000000070c400000, 0x000000070c600000|  0%| F|  |TAMS 0x000000070c400000, 0x000000070c400000| Untracked 
|  84|0x000000070c600000, 0x000000070c600000, 0x000000070c800000|  0%| F|  |TAMS 0x000000070c600000, 0x000000070c600000| Untracked 
|  85|0x000000070c800000, 0x000000070c800000, 0x000000070ca00000|  0%| F|  |TAMS 0x000000070c800000, 0x000000070c800000| Untracked 
|  86|0x000000070ca00000, 0x000000070ca00000, 0x000000070cc00000|  0%| F|  |TAMS 0x000000070ca00000, 0x000000070ca00000| Untracked 
|  87|0x000000070cc00000, 0x000000070cc00000, 0x000000070ce00000|  0%| F|  |TAMS 0x000000070cc00000, 0x000000070cc00000| Untracked 
|  88|0x000000070ce00000, 0x000000070ce00000, 0x000000070d000000|  0%| F|  |TAMS 0x000000070ce00000, 0x000000070ce00000| Untracked 
|  89|0x000000070d000000, 0x000000070d000000, 0x000000070d200000|  0%| F|  |TAMS 0x000000070d000000, 0x000000070d000000| Untracked 
|  90|0x000000070d200000, 0x000000070d200000, 0x000000070d400000|  0%| F|  |TAMS 0x000000070d200000, 0x000000070d200000| Untracked 
|  91|0x000000070d400000, 0x000000070d400000, 0x000000070d600000|  0%| F|  |TAMS 0x000000070d400000, 0x000000070d400000| Untracked 
|  92|0x000000070d600000, 0x000000070d600000, 0x000000070d800000|  0%| F|  |TAMS 0x000000070d600000, 0x000000070d600000| Untracked 
|  93|0x000000070d800000, 0x000000070d800000, 0x000000070da00000|  0%| F|  |TAMS 0x000000070d800000, 0x000000070d800000| Untracked 
|  94|0x000000070da00000, 0x000000070da00000, 0x000000070dc00000|  0%| F|  |TAMS 0x000000070da00000, 0x000000070da00000| Untracked 
|  95|0x000000070dc00000, 0x000000070dc00000, 0x000000070de00000|  0%| F|  |TAMS 0x000000070dc00000, 0x000000070dc00000| Untracked 
|  96|0x000000070de00000, 0x000000070de00000, 0x000000070e000000|  0%| F|  |TAMS 0x000000070de00000, 0x000000070de00000| Untracked 
|  97|0x000000070e000000, 0x000000070e000000, 0x000000070e200000|  0%| F|  |TAMS 0x000000070e000000, 0x000000070e000000| Untracked 
|  98|0x000000070e200000, 0x000000070e200000, 0x000000070e400000|  0%| F|  |TAMS 0x000000070e200000, 0x000000070e200000| Untracked 
|  99|0x000000070e400000, 0x000000070e400000, 0x000000070e600000|  0%| F|  |TAMS 0x000000070e400000, 0x000000070e400000| Untracked 
| 100|0x000000070e600000, 0x000000070e600000, 0x000000070e800000|  0%| F|  |TAMS 0x000000070e600000, 0x000000070e600000| Untracked 
| 101|0x000000070e800000, 0x000000070e800000, 0x000000070ea00000|  0%| F|  |TAMS 0x000000070e800000, 0x000000070e800000| Untracked 
| 102|0x000000070ea00000, 0x000000070ea00000, 0x000000070ec00000|  0%| F|  |TAMS 0x000000070ea00000, 0x000000070ea00000| Untracked 
| 103|0x000000070ec00000, 0x000000070ec00000, 0x000000070ee00000|  0%| F|  |TAMS 0x000000070ec00000, 0x000000070ec00000| Untracked 
| 104|0x000000070ee00000, 0x000000070ee00000, 0x000000070f000000|  0%| F|  |TAMS 0x000000070ee00000, 0x000000070ee00000| Untracked 
| 105|0x000000070f000000, 0x000000070f200000, 0x000000070f200000|100%| S|CS|TAMS 0x000000070f000000, 0x000000070f000000| Complete 
| 106|0x000000070f200000, 0x000000070f400000, 0x000000070f400000|100%| S|CS|TAMS 0x000000070f200000, 0x000000070f200000| Complete 
| 107|0x000000070f400000, 0x000000070f600000, 0x000000070f600000|100%| S|CS|TAMS 0x000000070f400000, 0x000000070f400000| Complete 
| 108|0x000000070f600000, 0x000000070f600000, 0x000000070f800000|  0%| F|  |TAMS 0x000000070f600000, 0x000000070f600000| Untracked 
| 109|0x000000070f800000, 0x000000070f800000, 0x000000070fa00000|  0%| F|  |TAMS 0x000000070f800000, 0x000000070f800000| Untracked 
| 110|0x000000070fa00000, 0x000000070fa00000, 0x000000070fc00000|  0%| F|  |TAMS 0x000000070fa00000, 0x000000070fa00000| Untracked 
| 111|0x000000070fc00000, 0x000000070fc00000, 0x000000070fe00000|  0%| F|  |TAMS 0x000000070fc00000, 0x000000070fc00000| Untracked 
| 112|0x000000070fe00000, 0x000000070fe00000, 0x0000000710000000|  0%| F|  |TAMS 0x000000070fe00000, 0x000000070fe00000| Untracked 
| 113|0x0000000710000000, 0x0000000710000000, 0x0000000710200000|  0%| F|  |TAMS 0x0000000710000000, 0x0000000710000000| Untracked 
| 114|0x0000000710200000, 0x0000000710200000, 0x0000000710400000|  0%| F|  |TAMS 0x0000000710200000, 0x0000000710200000| Untracked 
| 115|0x0000000710400000, 0x0000000710400000, 0x0000000710600000|  0%| F|  |TAMS 0x0000000710400000, 0x0000000710400000| Untracked 
| 116|0x0000000710600000, 0x0000000710600000, 0x0000000710800000|  0%| F|  |TAMS 0x0000000710600000, 0x0000000710600000| Untracked 
| 117|0x0000000710800000, 0x0000000710800000, 0x0000000710a00000|  0%| F|  |TAMS 0x0000000710800000, 0x0000000710800000| Untracked 
| 118|0x0000000710a00000, 0x0000000710a00000, 0x0000000710c00000|  0%| F|  |TAMS 0x0000000710a00000, 0x0000000710a00000| Untracked 
| 119|0x0000000710c00000, 0x0000000710c00000, 0x0000000710e00000|  0%| F|  |TAMS 0x0000000710c00000, 0x0000000710c00000| Untracked 
| 120|0x0000000710e00000, 0x0000000710e00000, 0x0000000711000000|  0%| F|  |TAMS 0x0000000710e00000, 0x0000000710e00000| Untracked 
| 121|0x0000000711000000, 0x0000000711000000, 0x0000000711200000|  0%| F|  |TAMS 0x0000000711000000, 0x0000000711000000| Untracked 
| 122|0x0000000711200000, 0x0000000711200000, 0x0000000711400000|  0%| F|  |TAMS 0x0000000711200000, 0x0000000711200000| Untracked 
| 123|0x0000000711400000, 0x0000000711400000, 0x0000000711600000|  0%| F|  |TAMS 0x0000000711400000, 0x0000000711400000| Untracked 
| 124|0x0000000711600000, 0x0000000711600000, 0x0000000711800000|  0%| F|  |TAMS 0x0000000711600000, 0x0000000711600000| Untracked 
| 125|0x0000000711800000, 0x0000000711800000, 0x0000000711a00000|  0%| F|  |TAMS 0x0000000711800000, 0x0000000711800000| Untracked 
| 126|0x0000000711a00000, 0x0000000711a00000, 0x0000000711c00000|  0%| F|  |TAMS 0x0000000711a00000, 0x0000000711a00000| Untracked 
| 127|0x0000000711c00000, 0x0000000711cd4908, 0x0000000711e00000| 41%| E|  |TAMS 0x0000000711c00000, 0x0000000711c00000| Complete 

Card table byte_map: [0x000002ad5a180000,0x000002ad5a980000] _byte_map_base: 0x000002ad56971000

Marking Bits (Prev, Next): (CMBitMap*) 0x000002ad42d7f200, (CMBitMap*) 0x000002ad42d7f240
 Prev Bits: [0x000002ad5b180000, 0x000002ad5f108000)
 Next Bits: [0x000002ad5f110000, 0x000002ad63098000)

Polling page: 0x000002ad40cf0000

Metaspace:

Usage:
  Non-class:      7.98 MB used.
      Class:    967.00 KB used.
       Both:      8.92 MB used.

Virtual space:
  Non-class space:       64.00 MB reserved,       8.06 MB ( 13%) committed,  1 nodes.
      Class space:        1.00 GB reserved,       1.00 MB ( <1%) committed,  1 nodes.
             Both:        1.06 GB reserved,       9.06 MB ( <1%) committed. 

Chunk freelists:
   Non-Class:  3.00 MB
       Class:  3.02 MB
        Both:  6.02 MB

MaxMetaspaceSize: unlimited
CompressedClassSpaceSize: 1.00 GB
Initial GC threshold: 21.00 MB
Current GC threshold: 21.00 MB
CDS: on
MetaspaceReclaimPolicy: balanced
 - commit_granule_bytes: 65536.
 - commit_granule_words: 8192.
 - virtual_space_node_default_size: 8388608.
 - enlarge_chunks_in_place: 1.
 - new_chunks_are_fully_committed: 0.
 - uncommit_free_chunks: 1.
 - use_allocation_guard: 0.


Internal statistics:

num_allocs_failed_limit: 0.
num_arena_births: 124.
num_arena_deaths: 0.
num_vsnodes_births: 2.
num_vsnodes_deaths: 0.
num_space_committed: 145.
num_space_uncommitted: 0.
num_chunks_returned_to_freelist: 0.
num_chunks_taken_from_freelist: 190.
num_chunk_merges: 0.
num_chunk_splits: 98.
num_chunks_enlarged: 28.
num_inconsistent_stats: 0.

CodeHeap 'non-profiled nmethods': size=120000Kb used=1584Kb max_used=1584Kb free=118415Kb
 bounds [0x000002ad52120000, 0x000002ad52390000, 0x000002ad59650000]
CodeHeap 'profiled nmethods': size=120000Kb used=4692Kb max_used=4692Kb free=115307Kb
 bounds [0x000002ad4abf0000, 0x000002ad4b090000, 0x000002ad52120000]
CodeHeap 'non-nmethods': size=5760Kb used=1253Kb max_used=1306Kb free=4507Kb
 bounds [0x000002ad4a650000, 0x000002ad4a8c0000, 0x000002ad4abf0000]
 total_blobs=2977 nmethods=2420 adapters=469
 compilation: enabled
              stopped_count=0, restarted_count=0
 full_count=0

Compilation events (20 events):
Event: 48.987 Thread 0x000002ad65a8e4e0 2411       4       javax.swing.JRootPane::addImpl (48 bytes)
Event: 48.990 Thread 0x000002ad65a8e4e0 nmethod 2411 0x000002ad5229ed10 code [0x000002ad5229eec0, 0x000002ad5229f0e8]
Event: 48.996 Thread 0x000002ad65a8e4e0 2412       4       javax.swing.JScrollBar::<init> (12 bytes)
Event: 49.007 Thread 0x000002ad65a8e4e0 nmethod 2412 0x000002ad5229f390 code [0x000002ad5229f560, 0x000002ad5229fcb0]
Event: 49.007 Thread 0x000002ad65a8e4e0 2413       4       javax.swing.plaf.basic.BasicScrollBarUI::installListeners (164 bytes)
Event: 49.059 Thread 0x000002ad65a8e4e0 nmethod 2413 0x000002ad522a0090 code [0x000002ad522a0300, 0x000002ad522a2ec8]
Event: 49.060 Thread 0x000002ad65a8e4e0 2414       4       javax.swing.plaf.synth.SynthTableHeaderUI::installDefaults (45 bytes)
Event: 49.176 Thread 0x000002ad65a8e4e0 nmethod 2414 0x000002ad522a3990 code [0x000002ad522a3ce0, 0x000002ad522a6458]
Event: 50.337 Thread 0x000002ad65a8e4e0 2415       4       java.util.ArrayList::isEmpty (13 bytes)
Event: 50.338 Thread 0x000002ad65a8e4e0 nmethod 2415 0x000002ad522a7710 code [0x000002ad522a7880, 0x000002ad522a7918]
Event: 51.351 Thread 0x000002ad65a8e4e0 2416       4       java.util.ArrayList::add (65 bytes)
Event: 51.363 Thread 0x000002ad65a8e4e0 nmethod 2416 0x000002ad522a7a10 code [0x000002ad522a7bc0, 0x000002ad522a8618]
Event: 51.371 Thread 0x000002ad65a8e4e0 2417       4       javax.swing.JToggleButton$ToggleButtonModel::setSelected (91 bytes)
Event: 51.372 Thread 0x000002ad65a8e4e0 nmethod 2417 0x000002ad522a8990 code [0x000002ad522a8b20, 0x000002ad522a8c28]
Event: 51.387 Thread 0x000002ad65a8e4e0 2418       4       javax.swing.DefaultListSelectionModel::<init> (87 bytes)
Event: 51.394 Thread 0x000002ad65a8e4e0 nmethod 2418 0x000002ad522a8d90 code [0x000002ad522a8f20, 0x000002ad522a9478]
Event: 51.395 Thread 0x000002ad65a8e4e0 2419       4       javax.swing.ToolTipManager::sharedInstance (36 bytes)
Event: 51.405 Thread 0x000002ad65a8e4e0 nmethod 2419 0x000002ad522a9610 code [0x000002ad522a97c0, 0x000002ad522aa0c8]
Event: 51.405 Thread 0x000002ad65a8e4e0 2420       4       javax.swing.JCheckBox::<init> (28 bytes)
Event: 51.447 Thread 0x000002ad65a8e4e0 nmethod 2420 0x000002ad522aa390 code [0x000002ad522aa5e0, 0x000002ad522aba50]

GC Heap History (16 events):
Event: 1.788 GC heap before
{Heap before GC invocations=0 (full 0):
 garbage-first heap   total 262144K, used 22528K [0x0000000701e00000, 0x0000000800000000)
  region size 2048K, 11 young (22528K), 0 survivors (0K)
 Metaspace       used 8620K, committed 8768K, reserved 1114112K
  class space    used 966K, committed 1024K, reserved 1048576K
}
Event: 1.838 GC heap after
{Heap after GC invocations=1 (full 0):
 garbage-first heap   total 262144K, used 10080K [0x0000000701e00000, 0x0000000800000000)
  region size 2048K, 2 young (4096K), 2 survivors (4096K)
 Metaspace       used 8620K, committed 8768K, reserved 1114112K
  class space    used 966K, committed 1024K, reserved 1048576K
}
Event: 2.237 GC heap before
{Heap before GC invocations=1 (full 0):
 garbage-first heap   total 262144K, used 18272K [0x0000000701e00000, 0x0000000800000000)
  region size 2048K, 6 young (12288K), 2 survivors (4096K)
 Metaspace       used 8710K, committed 8896K, reserved 1114112K
  class space    used 966K, committed 1024K, reserved 1048576K
}
Event: 2.256 GC heap after
{Heap after GC invocations=2 (full 0):
 garbage-first heap   total 262144K, used 14336K [0x0000000701e00000, 0x0000000800000000)
  region size 2048K, 1 young (2048K), 1 survivors (2048K)
 Metaspace       used 8710K, committed 8896K, reserved 1114112K
  class space    used 966K, committed 1024K, reserved 1048576K
}
Event: 3.759 GC heap before
{Heap before GC invocations=2 (full 0):
 garbage-first heap   total 262144K, used 34816K [0x0000000701e00000, 0x0000000800000000)
  region size 2048K, 11 young (22528K), 1 survivors (2048K)
 Metaspace       used 8851K, committed 9024K, reserved 1114112K
  class space    used 966K, committed 1024K, reserved 1048576K
}
Event: 3.777 GC heap after
{Heap after GC invocations=3 (full 0):
 garbage-first heap   total 262144K, used 26143K [0x0000000701e00000, 0x0000000800000000)
  region size 2048K, 2 young (4096K), 2 survivors (4096K)
 Metaspace       used 8851K, committed 9024K, reserved 1114112K
  class space    used 966K, committed 1024K, reserved 1048576K
}
Event: 7.802 GC heap before
{Heap before GC invocations=3 (full 0):
 garbage-first heap   total 262144K, used 65055K [0x0000000701e00000, 0x0000000800000000)
  region size 2048K, 21 young (43008K), 2 survivors (4096K)
 Metaspace       used 9003K, committed 9152K, reserved 1114112K
  class space    used 966K, committed 1024K, reserved 1048576K
}
Event: 7.839 GC heap after
{Heap after GC invocations=4 (full 0):
 garbage-first heap   total 262144K, used 48495K [0x0000000701e00000, 0x0000000800000000)
  region size 2048K, 3 young (6144K), 3 survivors (6144K)
 Metaspace       used 9003K, committed 9152K, reserved 1114112K
  class space    used 966K, committed 1024K, reserved 1048576K
}
Event: 13.611 GC heap before
{Heap before GC invocations=4 (full 0):
 garbage-first heap   total 262144K, used 87407K [0x0000000701e00000, 0x0000000800000000)
  region size 2048K, 22 young (45056K), 3 survivors (6144K)
 Metaspace       used 9134K, committed 9280K, reserved 1114112K
  class space    used 967K, committed 1024K, reserved 1048576K
}
Event: 13.663 GC heap after
{Heap after GC invocations=5 (full 0):
 garbage-first heap   total 262144K, used 71680K [0x0000000701e00000, 0x0000000800000000)
  region size 2048K, 3 young (6144K), 3 survivors (6144K)
 Metaspace       used 9134K, committed 9280K, reserved 1114112K
  class space    used 967K, committed 1024K, reserved 1048576K
}
Event: 23.736 GC heap before
{Heap before GC invocations=5 (full 0):
 garbage-first heap   total 262144K, used 118784K [0x0000000701e00000, 0x0000000800000000)
  region size 2048K, 26 young (53248K), 3 survivors (6144K)
 Metaspace       used 9134K, committed 9280K, reserved 1114112K
  class space    used 967K, committed 1024K, reserved 1048576K
}
Event: 23.795 GC heap after
{Heap after GC invocations=6 (full 0):
 garbage-first heap   total 262144K, used 98977K [0x0000000701e00000, 0x0000000800000000)
  region size 2048K, 4 young (8192K), 4 survivors (8192K)
 Metaspace       used 9134K, committed 9280K, reserved 1114112K
  class space    used 967K, committed 1024K, reserved 1048576K
}
Event: 37.692 GC heap before
{Heap before GC invocations=6 (full 0):
 garbage-first heap   total 262144K, used 148129K [0x0000000701e00000, 0x0000000800000000)
  region size 2048K, 28 young (57344K), 4 survivors (8192K)
 Metaspace       used 9134K, committed 9280K, reserved 1114112K
  class space    used 967K, committed 1024K, reserved 1048576K
}
Event: 37.732 GC heap after
{Heap after GC invocations=7 (full 0):
 garbage-first heap   total 262144K, used 128509K [0x0000000701e00000, 0x0000000800000000)
  region size 2048K, 4 young (8192K), 4 survivors (8192K)
 Metaspace       used 9134K, committed 9280K, reserved 1114112K
  class space    used 967K, committed 1024K, reserved 1048576K
}
Event: 52.407 GC heap before
{Heap before GC invocations=7 (full 0):
 garbage-first heap   total 262144K, used 169469K [0x0000000701e00000, 0x0000000800000000)
  region size 2048K, 24 young (49152K), 4 survivors (8192K)
 Metaspace       used 9134K, committed 9280K, reserved 1114112K
  class space    used 967K, committed 1024K, reserved 1048576K
}
Event: 52.438 GC heap after
{Heap after GC invocations=8 (full 0):
 garbage-first heap   total 262144K, used 153600K [0x0000000701e00000, 0x0000000800000000)
  region size 2048K, 3 young (6144K), 3 survivors (6144K)
 Metaspace       used 9134K, committed 9280K, reserved 1114112K
  class space    used 967K, committed 1024K, reserved 1048576K
}

Deoptimization events (20 events):
Event: 2.259 Thread 0x000002ad6a08a250 Uncommon trap: trap_request=0xffffffbe fr.pc=0x000002ad521e6dac relative=0x0000000000000c6c
Event: 2.259 Thread 0x000002ad6a08a250 Uncommon trap: reason=profile_predicate action=maybe_recompile pc=0x000002ad521e6dac method=javax.swing.ArrayTable.containsKey(Ljava/lang/Object;)Z @ 33 c2
Event: 2.259 Thread 0x000002ad6a08a250 DEOPT PACKING pc=0x000002ad521e6dac sp=0x000000b91edf25e0
Event: 2.259 Thread 0x000002ad6a08a250 DEOPT UNPACKING pc=0x000002ad4a6a23a3 sp=0x000000b91edf2530 mode 2
Event: 2.265 Thread 0x000002ad6a08a250 Uncommon trap: trap_request=0xffffffbe fr.pc=0x000002ad521e6dac relative=0x0000000000000c6c
Event: 2.265 Thread 0x000002ad6a08a250 Uncommon trap: reason=profile_predicate action=maybe_recompile pc=0x000002ad521e6dac method=javax.swing.ArrayTable.containsKey(Ljava/lang/Object;)Z @ 33 c2
Event: 2.265 Thread 0x000002ad6a08a250 DEOPT PACKING pc=0x000002ad521e6dac sp=0x000000b91edf2760
Event: 2.265 Thread 0x000002ad6a08a250 DEOPT UNPACKING pc=0x000002ad4a6a23a3 sp=0x000000b91edf26b0 mode 2
Event: 2.265 Thread 0x000002ad6a08a250 Uncommon trap: trap_request=0xffffffbe fr.pc=0x000002ad521e6dac relative=0x0000000000000c6c
Event: 2.265 Thread 0x000002ad6a08a250 Uncommon trap: reason=profile_predicate action=maybe_recompile pc=0x000002ad521e6dac method=javax.swing.ArrayTable.containsKey(Ljava/lang/Object;)Z @ 33 c2
Event: 2.266 Thread 0x000002ad6a08a250 DEOPT PACKING pc=0x000002ad521e6dac sp=0x000000b91edf2510
Event: 2.266 Thread 0x000002ad6a08a250 DEOPT UNPACKING pc=0x000002ad4a6a23a3 sp=0x000000b91edf2460 mode 2
Event: 9.467 Thread 0x000002ad6a08a250 Uncommon trap: trap_request=0xffffffdc fr.pc=0x000002ad522476f8 relative=0x0000000000000258
Event: 9.467 Thread 0x000002ad6a08a250 Uncommon trap: reason=class_check action=make_not_entrant pc=0x000002ad522476f8 method=java.util.ArrayList.toArray([Ljava/lang/Object;)[Ljava/lang/Object; @ 21 c2
Event: 9.467 Thread 0x000002ad6a08a250 DEOPT PACKING pc=0x000002ad522476f8 sp=0x000000b91edc96a0
Event: 9.467 Thread 0x000002ad6a08a250 DEOPT UNPACKING pc=0x000002ad4a6a23a3 sp=0x000000b91edc9650 mode 2
Event: 9.778 Thread 0x000002ad6a08a250 Uncommon trap: trap_request=0xffffffcc fr.pc=0x000002ad522492c8 relative=0x00000000000003a8
Event: 9.778 Thread 0x000002ad6a08a250 Uncommon trap: reason=intrinsic_or_type_checked_inlining action=make_not_entrant pc=0x000002ad522492c8 method=java.util.ArrayList.toArray([Ljava/lang/Object;)[Ljava/lang/Object; @ 36 c2
Event: 9.778 Thread 0x000002ad6a08a250 DEOPT PACKING pc=0x000002ad522492c8 sp=0x000000b91edc7ec0
Event: 9.778 Thread 0x000002ad6a08a250 DEOPT UNPACKING pc=0x000002ad4a6a23a3 sp=0x000000b91edc7e90 mode 2

Classes loaded (20 events):
Event: 0.827 Loading class javax/swing/table/TableColumn
Event: 0.827 Loading class javax/swing/table/TableColumn done
Event: 0.827 Loading class javax/swing/event/TableColumnModelEvent
Event: 0.827 Loading class javax/swing/event/TableColumnModelEvent done
Event: 0.827 Loading class java/awt/event/ContainerEvent
Event: 0.827 Loading class java/awt/event/ContainerEvent done
Event: 0.827 Loading class sun/awt/dnd/SunDropTargetEvent
Event: 0.828 Loading class java/awt/event/MouseEvent
Event: 0.828 Loading class java/awt/event/MouseEvent done
Event: 0.828 Loading class sun/awt/dnd/SunDropTargetEvent done
Event: 0.828 Loading class java/awt/event/FocusEvent
Event: 0.828 Loading class java/awt/event/FocusEvent done
Event: 0.828 Loading class javax/swing/JViewport$ViewListener
Event: 0.828 Loading class java/awt/event/ComponentAdapter
Event: 0.828 Loading class java/awt/event/ComponentAdapter done
Event: 0.828 Loading class javax/swing/JViewport$ViewListener done
Event: 0.828 Loading class javax/swing/LayoutStyle$ComponentPlacement
Event: 0.828 Loading class javax/swing/LayoutStyle$ComponentPlacement done
Event: 10.224 Loading class java/util/concurrent/locks/AbstractQueuedSynchronizer$Node
Event: 10.224 Loading class java/util/concurrent/locks/AbstractQueuedSynchronizer$Node done

Classes unloaded (0 events):
No events

Classes redefined (0 events):
No events

Internal exceptions (20 events):
Event: 0.590 Thread 0x000002ad42d10250 Exception <a 'java/lang/ClassNotFoundException'{0x00000007119463d0}: ToolBar> (0x00000007119463d0) 
thrown [s\open\src\hotspot\share\classfile\systemDictionary.cpp, line 255]
Event: 0.590 Thread 0x000002ad42d10250 Exception <a 'java/lang/ClassNotFoundException'{0x0000000711946738}: ToggleButton> (0x0000000711946738) 
thrown [s\open\src\hotspot\share\classfile\systemDictionary.cpp, line 255]
Event: 0.590 Thread 0x000002ad42d10250 Exception <a 'java/lang/ClassNotFoundException'{0x0000000711946b70}: javax/swing/JToolBarSeparator> (0x0000000711946b70) 
thrown [s\open\src\hotspot\share\classfile\systemDictionary.cpp, line 255]
Event: 0.590 Thread 0x000002ad42d10250 Exception <a 'java/lang/ClassNotFoundException'{0x0000000711946e78}: ToolBarSeparator> (0x0000000711946e78) 
thrown [s\open\src\hotspot\share\classfile\systemDictionary.cpp, line 255]
Event: 0.591 Thread 0x000002ad42d10250 Exception <a 'java/lang/ClassNotFoundException'{0x0000000711947388}: ToolTip> (0x0000000711947388) 
thrown [s\open\src\hotspot\share\classfile\systemDictionary.cpp, line 255]
Event: 0.592 Thread 0x000002ad42d10250 Exception <a 'java/lang/ClassNotFoundException'{0x0000000711947cd0}: Tree> (0x0000000711947cd0) 
thrown [s\open\src\hotspot\share\classfile\systemDictionary.cpp, line 255]
Event: 0.592 Thread 0x000002ad42d10250 Exception <a 'java/lang/ClassNotFoundException'{0x00000007119481c0}: Tree> (0x00000007119481c0) 
thrown [s\open\src\hotspot\share\classfile\systemDictionary.cpp, line 255]
Event: 0.592 Thread 0x000002ad42d10250 Exception <a 'java/lang/ClassNotFoundException'{0x0000000711948528}: javax/swing/JTreeCell> (0x0000000711948528) 
thrown [s\open\src\hotspot\share\classfile\systemDictionary.cpp, line 255]
Event: 0.592 Thread 0x000002ad42d10250 Exception <a 'java/lang/ClassNotFoundException'{0x0000000711948828}: TreeCell> (0x0000000711948828) 
thrown [s\open\src\hotspot\share\classfile\systemDictionary.cpp, line 255]
Event: 0.593 Thread 0x000002ad42d10250 Exception <a 'java/lang/ClassNotFoundException'{0x0000000711948fd8}: RootPane> (0x0000000711948fd8) 
thrown [s\open\src\hotspot\share\classfile\systemDictionary.cpp, line 255]
Event: 0.595 Thread 0x000002ad42d10250 Exception <a 'java/lang/ClassNotFoundException'{0x000000071194bde0}: com/sun/swing/internal/plaf/metal/resources/spi/metalProvider> (0x000000071194bde0) 
thrown [s\open\src\hotspot\share\classfile\systemDictionary.cpp, line 255]
Event: 0.597 Thread 0x000002ad42d10250 Exception <a 'java/lang/ClassNotFoundException'{0x000000071194fb70}: com/sun/swing/internal/plaf/basic/resources/spi/basicProvider> (0x000000071194fb70) 
thrown [s\open\src\hotspot\share\classfile\systemDictionary.cpp, line 255]
Event: 0.628 Thread 0x000002ad6a08a250 Exception <a 'java/lang/ClassNotFoundException'{0x00000007119d8490}: com/sun/swing/internal/plaf/synth/resources/spi/synthProvider> (0x00000007119d8490) 
thrown [s\open\src\hotspot\share\classfile\systemDictionary.cpp, line 255]
Event: 0.652 Thread 0x000002ad6a08a250 Exception <a 'java/lang/NoSuchMethodError'{0x000000071161ceb8}: 'int java.lang.invoke.Invokers$Holder.invokeExact_MT(java.lang.Object, java.lang.Object)'> (0x000000071161ceb8) 
thrown [s\open\src\hotspot\share\interpreter\linkResolver.cpp, line 766]
Event: 0.655 Thread 0x000002ad6a08a250 Exception <a 'java/lang/NoSuchMethodError'{0x0000000711622c30}: 'java.lang.Object java.lang.invoke.DirectMethodHandle$Holder.newInvokeSpecial(java.lang.Object, java.lang.Object, int)'> (0x0000000711622c30) 
thrown [s\open\src\hotspot\share\interpreter\linkResolver.cpp, line 766]
Event: 0.656 Thread 0x000002ad6a08a250 Exception <a 'java/lang/NoSuchMethodError'{0x0000000711627e68}: 'int java.lang.invoke.DirectMethodHandle$Holder.invokeSpecial(java.lang.Object, java.lang.Object, java.lang.Object, int)'> (0x0000000711627e68) 
thrown [s\open\src\hotspot\share\interpreter\linkResolver.cpp, line 766]
Event: 0.658 Thread 0x000002ad6a08a250 Exception <a 'java/lang/NoSuchMethodError'{0x000000071163a860}: 'java.lang.Object java.lang.invoke.DirectMethodHandle$Holder.invokeStatic(java.lang.Object, java.lang.Object, java.lang.Object, java.lang.Object, int)'> (0x000000071163a860) 
thrown [s\open\src\hotspot\share\interpreter\linkResolver.cpp, line 766]
Event: 0.660 Thread 0x000002ad6a08a250 Exception <a 'java/lang/NoSuchMethodError'{0x00000007116432f0}: 'int java.lang.invoke.DirectMethodHandle$Holder.invokeSpecial(java.lang.Object, java.lang.Object, java.lang.Object)'> (0x00000007116432f0) 
thrown [s\open\src\hotspot\share\interpreter\linkResolver.cpp, line 766]
Event: 0.707 Thread 0x000002ad6a08a250 Implicit null exception at 0x000002ad5214060f to 0x000002ad52140689
Event: 0.805 Thread 0x000002ad69db89f0 Exception <a 'java/lang/NoSuchMethodError'{0x000000071146b3f0}: 'java.lang.Object java.lang.invoke.DirectMethodHandle$Holder.newInvokeSpecial(java.lang.Object, java.lang.Object, java.lang.Object, int, int, int, int, int)'> (0x000000071146b3f0) 
thrown [s\open\src\hotspot\share\interpreter\linkResolver.cpp, line 766]

VM Operations (20 events):
Event: 21.729 Executing VM operation: Cleanup
Event: 21.729 Executing VM operation: Cleanup done
Event: 23.736 Executing VM operation: G1CollectForAllocation
Event: 23.795 Executing VM operation: G1CollectForAllocation done
Event: 25.816 Executing VM operation: Cleanup
Event: 25.816 Executing VM operation: Cleanup done
Event: 37.692 Executing VM operation: G1CollectForAllocation
Event: 37.732 Executing VM operation: G1CollectForAllocation done
Event: 45.815 Executing VM operation: HandshakeAllThreads
Event: 45.816 Executing VM operation: HandshakeAllThreads done
Event: 46.820 Executing VM operation: Cleanup
Event: 46.820 Executing VM operation: Cleanup done
Event: 49.853 Executing VM operation: Cleanup
Event: 49.854 Executing VM operation: Cleanup done
Event: 50.859 Executing VM operation: Cleanup
Event: 50.860 Executing VM operation: Cleanup done
Event: 51.870 Executing VM operation: Cleanup
Event: 51.886 Executing VM operation: Cleanup done
Event: 52.407 Executing VM operation: G1CollectForAllocation
Event: 52.438 Executing VM operation: G1CollectForAllocation done

Events (20 events):
Event: 0.214 Thread 0x000002ad69e5e640 Thread added: 0x000002ad69e5e640
Event: 0.221 Thread 0x000002ad69e63f40 Thread added: 0x000002ad69e63f40
Event: 0.226 Loaded shared library C:\Program Files\Java\jdk-18.0.1.1\bin\zip.dll
Event: 0.259 Loaded shared library C:\Program Files\Java\jdk-18.0.1.1\bin\jimage.dll
Event: 0.290 Loaded shared library C:\Program Files\Java\jdk-18.0.1.1\bin\awt.dll
Event: 0.376 Thread 0x000002ad69f5b000 Thread added: 0x000002ad69f5b000
Event: 0.377 Thread 0x000002ad69f5b4c0 Thread added: 0x000002ad69f5b4c0
Event: 0.379 Thread 0x000002ad69f5b980 Thread added: 0x000002ad69f5b980
Event: 0.521 Loaded shared library C:\Program Files\Java\jdk-18.0.1.1\bin\freetype.dll
Event: 0.523 Loaded shared library C:\Program Files\Java\jdk-18.0.1.1\bin\fontmanager.dll
Event: 0.546 Thread 0x000002ad69e63f40 Thread exited: 0x000002ad69e63f40
Event: 0.613 Thread 0x000002ad6a08a250 Thread added: 0x000002ad6a08a250
Event: 0.613 Thread 0x000002ad42d10250 Thread exited: 0x000002ad42d10250
Event: 0.613 Thread 0x000002ad42d10250 Thread added: 0x000002ad42d10250
Event: 0.736 Thread 0x000002ad69db89f0 Thread added: 0x000002ad69db89f0
Event: 1.026 Thread 0x000002ad6b1c23d0 Thread added: 0x000002ad6b1c23d0
Event: 1.081 Thread 0x000002ad6b22a630 Thread added: 0x000002ad6b22a630
Event: 2.511 Thread 0x000002ad6b22a630 Thread exited: 0x000002ad6b22a630
Event: 3.595 Thread 0x000002ad6b1c23d0 Thread exited: 0x000002ad6b1c23d0
Event: 5.826 Thread 0x000002ad69db89f0 Thread exited: 0x000002ad69db89f0


Dynamic libraries:
0x00007ff62e5d0000 - 0x00007ff62e5e0000 	C:\Program Files\Java\jdk-18.0.1.1\bin\java.exe
0x00007ffc53250000 - 0x00007ffc53448000 	C:\WINDOWS\SYSTEM32\ntdll.dll
0x00007ffc51360000 - 0x00007ffc5141d000 	C:\WINDOWS\System32\KERNEL32.DLL
0x00007ffc50d50000 - 0x00007ffc51022000 	C:\WINDOWS\System32\KERNELBASE.dll
0x00007ffc50ba0000 - 0x00007ffc50ca0000 	C:\WINDOWS\System32\ucrtbase.dll
0x00007ffc39e30000 - 0x00007ffc39e4a000 	C:\Program Files\Java\jdk-18.0.1.1\bin\VCRUNTIME140.dll
0x00007ffc17690000 - 0x00007ffc176a8000 	C:\Program Files\Java\jdk-18.0.1.1\bin\jli.dll
0x00007ffc52aa0000 - 0x00007ffc52b4e000 	C:\WINDOWS\System32\ADVAPI32.dll
0x00007ffc526a0000 - 0x00007ffc5273e000 	C:\WINDOWS\System32\msvcrt.dll
0x00007ffc512b0000 - 0x00007ffc5134c000 	C:\WINDOWS\System32\sechost.dll
0x00007ffc51ca0000 - 0x00007ffc51dc5000 	C:\WINDOWS\System32\RPCRT4.dll
0x00007ffc520b0000 - 0x00007ffc5224d000 	C:\WINDOWS\System32\USER32.dll
0x00007ffc51280000 - 0x00007ffc512a2000 	C:\WINDOWS\System32\win32u.dll
0x00007ffc4fd70000 - 0x00007ffc5000a000 	C:\WINDOWS\WinSxS\amd64_microsoft.windows.common-controls_6595b64144ccf1df_6.0.19041.1110_none_60b5254171f9507e\COMCTL32.dll
0x00007ffc51520000 - 0x00007ffc5154b000 	C:\WINDOWS\System32\GDI32.dll
0x00007ffc50a00000 - 0x00007ffc50b0f000 	C:\WINDOWS\System32\gdi32full.dll
0x00007ffc511e0000 - 0x00007ffc5127d000 	C:\WINDOWS\System32\msvcp_win.dll
0x00007ffc453c0000 - 0x00007ffc453ca000 	C:\WINDOWS\SYSTEM32\VERSION.dll
0x00007ffc531e0000 - 0x00007ffc53210000 	C:\WINDOWS\System32\IMM32.DLL
0x00007ffc45200000 - 0x00007ffc4520c000 	C:\Program Files\Java\jdk-18.0.1.1\bin\vcruntime140_1.dll
0x00007ffbf8070000 - 0x00007ffbf80fd000 	C:\Program Files\Java\jdk-18.0.1.1\bin\msvcp140.dll
0x00007ffbb2cb0000 - 0x00007ffbb38c0000 	C:\Program Files\Java\jdk-18.0.1.1\bin\server\jvm.dll
0x00007ffc53170000 - 0x00007ffc53178000 	C:\WINDOWS\System32\PSAPI.DLL
0x00007ffc48890000 - 0x00007ffc48899000 	C:\WINDOWS\SYSTEM32\WSOCK32.dll
0x00007ffc2a800000 - 0x00007ffc2a827000 	C:\WINDOWS\SYSTEM32\WINMM.dll
0x00007ffc52250000 - 0x00007ffc522bb000 	C:\WINDOWS\System32\WS2_32.dll
0x00007ffc4e250000 - 0x00007ffc4e262000 	C:\WINDOWS\SYSTEM32\kernel.appcore.dll
0x00007ffc38790000 - 0x00007ffc3879a000 	C:\Program Files\Java\jdk-18.0.1.1\bin\jimage.dll
0x00007ffc50310000 - 0x00007ffc504f4000 	C:\WINDOWS\SYSTEM32\DBGHELP.DLL
0x00007ffc50140000 - 0x00007ffc5016c000 	C:\WINDOWS\SYSTEM32\dbgcore.DLL
0x00007ffc50b10000 - 0x00007ffc50b92000 	C:\WINDOWS\System32\bcryptPrimitives.dll
0x00007ffc384e0000 - 0x00007ffc38505000 	C:\Program Files\Java\jdk-18.0.1.1\bin\java.dll
0x00007ffbf8100000 - 0x00007ffbf81d6000 	C:\Program Files\Java\jdk-18.0.1.1\bin\jsvml.dll
0x00007ffc51550000 - 0x00007ffc51c93000 	C:\WINDOWS\System32\SHELL32.dll
0x00007ffc4e3c0000 - 0x00007ffc4eb51000 	C:\WINDOWS\SYSTEM32\windows.storage.dll
0x00007ffc52740000 - 0x00007ffc52a94000 	C:\WINDOWS\System32\combase.dll
0x00007ffc4fcd0000 - 0x00007ffc4fd00000 	C:\WINDOWS\SYSTEM32\Wldp.dll
0x00007ffc52560000 - 0x00007ffc5260d000 	C:\WINDOWS\System32\SHCORE.dll
0x00007ffc53180000 - 0x00007ffc531d5000 	C:\WINDOWS\System32\shlwapi.dll
0x00007ffc508a0000 - 0x00007ffc508bf000 	C:\WINDOWS\SYSTEM32\profapi.dll
0x00007ffc38000000 - 0x00007ffc38013000 	C:\Program Files\Java\jdk-18.0.1.1\bin\net.dll
0x00007ffc3ba20000 - 0x00007ffc3bb2d000 	C:\WINDOWS\SYSTEM32\WINHTTP.dll
0x00007ffc4fba0000 - 0x00007ffc4fc0a000 	C:\WINDOWS\system32\mswsock.dll
0x00007ffc26f90000 - 0x00007ffc26fa6000 	C:\Program Files\Java\jdk-18.0.1.1\bin\nio.dll
0x00007ffc14610000 - 0x00007ffc14628000 	C:\Program Files\Java\jdk-18.0.1.1\bin\zip.dll
0x00007ffbf6580000 - 0x00007ffbf670f000 	C:\Program Files\Java\jdk-18.0.1.1\bin\awt.dll
0x00007ffc522c0000 - 0x00007ffc5238d000 	C:\WINDOWS\System32\OLEAUT32.dll
0x00007ffc4da70000 - 0x00007ffc4db01000 	C:\WINDOWS\SYSTEM32\apphelp.dll
0x00007ffc4dc20000 - 0x00007ffc4dcbe000 	C:\WINDOWS\system32\uxtheme.dll
0x00007ffc52390000 - 0x00007ffc524a5000 	C:\WINDOWS\System32\MSCTF.dll
0x00007ffc51eb0000 - 0x00007ffc51fda000 	C:\WINDOWS\System32\ole32.dll
0x00007ffc4de10000 - 0x00007ffc4de3f000 	C:\WINDOWS\system32\DWMAPI.DLL
0x00007ffbf70e0000 - 0x00007ffbf7169000 	C:\Program Files\Java\jdk-18.0.1.1\bin\freetype.dll
0x00007ffbf64d0000 - 0x00007ffbf6578000 	C:\Program Files\Java\jdk-18.0.1.1\bin\fontmanager.dll
0x00007ffc18ff0000 - 0x00007ffc19117000 	C:\WINDOWS\system32\opengl32.dll
0x00007ffc18f80000 - 0x00007ffc18fac000 	C:\WINDOWS\SYSTEM32\GLU32.dll

dbghelp: loaded successfully - version: 4.0.5 - missing functions: none
symbol engine: initialized successfully - sym options: 0x614 - pdb path: .;C:\Program Files\Java\jdk-18.0.1.1\bin;C:\WINDOWS\SYSTEM32;C:\WINDOWS\WinSxS\amd64_microsoft.windows.common-controls_6595b64144ccf1df_6.0.19041.1110_none_60b5254171f9507e;C:\Program Files\Java\jdk-18.0.1.1\bin\server

VM Arguments:
jvm_args: -Dfile.encoding=UTF-8 --module-path=E:\NET BEANS PROJECTS\REGISTRATION SYSTEM\build\classes 
java_command: registration.system.StudentHomeDashBoard
java_class_path (initial): E:\NET BEANS PROJECTS\REGISTRATION SYSTEM\lib\mysql-connector-java-8.0.30.jar;E:\NET BEANS PROJECTS\REGISTRATION SYSTEM\build\classes
Launcher Type: SUN_STANDARD

[Global flags]
     intx CICompilerCount                          = 4                                         {product} {ergonomic}
     uint ConcGCThreads                            = 2                                         {product} {ergonomic}
     uint G1ConcRefinementThreads                  = 8                                         {product} {ergonomic}
   size_t G1HeapRegionSize                         = 2097152                                   {product} {ergonomic}
    uintx GCDrainStackTargetSize                   = 64                                        {product} {ergonomic}
   size_t InitialHeapSize                          = 268435456                                 {product} {ergonomic}
   size_t MarkStackSize                            = 4194304                                   {product} {ergonomic}
   size_t MaxHeapSize                              = 4263510016                                {product} {ergonomic}
   size_t MaxNewSize                               = 2556428288                                {product} {ergonomic}
   size_t MinHeapDeltaBytes                        = 2097152                                   {product} {ergonomic}
   size_t MinHeapSize                              = 8388608                                   {product} {ergonomic}
    uintx NonNMethodCodeHeapSize                   = 5839372                                {pd product} {ergonomic}
    uintx NonProfiledCodeHeapSize                  = 122909434                              {pd product} {ergonomic}
    uintx ProfiledCodeHeapSize                     = 122909434                              {pd product} {ergonomic}
    uintx ReservedCodeCacheSize                    = 251658240                              {pd product} {ergonomic}
     bool SegmentedCodeCache                       = true                                      {product} {ergonomic}
   size_t SoftMaxHeapSize                          = 4263510016                             {manageable} {ergonomic}
     bool UseCompressedClassPointers               = true                           {product lp64_product} {ergonomic}
     bool UseCompressedOops                        = true                           {product lp64_product} {ergonomic}
     bool UseG1GC                                  = true                                      {product} {ergonomic}
     bool UseLargePagesIndividualAllocation        = false                                  {pd product} {ergonomic}

Logging:
Log output configuration:
 #0: stdout all=warning uptime,level,tags foldmultilines=false
 #1: stderr all=off uptime,level,tags foldmultilines=false

Environment Variables:
JAVA_HOME=C:\Program Files\Java\jre1.8.0_321
PATH=C:\Python310\Scripts\;C:\Python310\;C:\Program Files\Common Files\Oracle\Java\javapath;C:\Program Files (x86)\Common Files\Oracle\Java\javapath;C:\WINDOWS\system32;C:\WINDOWS;C:\WINDOWS\System32\Wbem;C:\WINDOWS\System32\WindowsPowerShell\v1.0\;C:\WINDOWS\System32\OpenSSH\;D:\Program Files\Git LFS;C:\Program Files\Git LFS;C:\Program Files (x86)\Git\cmd;C:\Program Files\dotnet\;C:\ProgramData\chocolatey\bin;D:\Program Files\NodeJs\;C:\Program Files\MySQL\MySQL Shell 8.0\bin\;C:\Users\SHEM TOM\AppData\Local\Microsoft\WindowsApps;C:\Users\SHEM TOM\AppData\Local\GitHubDesktop\bin;C:\Users\SHEM TOM\AppData\Local\Programs\Microsoft VS Code\bin;C:\Users\SHEM TOM\.dotnet\tools;C:\Users\SHEM TOM\AppData\Roaming\npm
USERNAME=SHEM TOM
OS=Windows_NT
PROCESSOR_IDENTIFIER=Intel64 Family 6 Model 142 Stepping 12, GenuineIntel



---------------  S Y S T E M  ---------------

OS:
 Windows 10 , 64 bit Build 19041 (10.0.19041.1889)
OS uptime: 2 days 7:11 hours

CPU: total 8 (initial active 8) (4 cores per cpu, 2 threads per core) family 6 model 142 stepping 12 microcode 0xf0, cx8, cmov, fxsr, ht, mmx, 3dnowpref, sse, sse2, sse3, ssse3, sse4.1, sse4.2, popcnt, lzcnt, tsc, tscinvbit, avx, avx2, aes, erms, clmul, bmi1, bmi2, adx, fma, vzeroupper, clflush, clflushopt

Memory: 4k page, system-wide physical 16259M (3525M free)
TotalPageFile size 31619M (AvailPageFile size 5885M)
current process WorkingSet (physical memory assigned to process): 260M, peak: 260M
current process commit charge ("private bytes"): 362M, peak: 371M

vm_info: Java HotSpot(TM) 64-Bit Server VM (18.0.1.1+2-6) for windows-amd64 JRE (18.0.1.1+2-6), built on Apr 25 2022 21:53:15 by "mach5one" with MS VC++ 16.8 / 16.9 (VS2019)

END.
